C51 COMPILER V9.60.0.0   ASGMNT2                                                           02/24/2020 11:38:05 PAGE 1   


C51 COMPILER V9.60.0.0, COMPILATION OF MODULE ASGMNT2
OBJECT MODULE PLACED IN .\Objects\asgmnt2.obj
COMPILER INVOKED BY: C:\Keil_v5\C51\BIN\C51.EXE asgmnt2.c OPTIMIZE(8,SPEED) BROWSE DEBUG OBJECTEXTEND PRINT(.\Listings\a
                    -sgmnt2.lst) TABS(2) OBJECT(.\Objects\asgmnt2.obj)

line level    source

   1          #include<reg51.h>
   2          #include"delay_header.h"
   3          #define LEDS P1
   4          void main()
   5          {
   6   1        unsigned char i;
   7   1        for(i=0;i<256;i++)
   8   1        {
   9   2          LEDS = i^0x0f;
  10   2          delay_1ms(5000);
  11   2        }
  12   1      }


MODULE INFORMATION:   STATIC OVERLAYABLE
   CODE SIZE        =     74    ----
   CONSTANT SIZE    =   ----    ----
   XDATA SIZE       =   ----    ----
   PDATA SIZE       =   ----    ----
   DATA SIZE        =   ----    ----
   IDATA SIZE       =   ----    ----
   BIT SIZE         =   ----    ----
END OF MODULE INFORMATION.


C51 COMPILATION COMPLETE.  0 WARNING(S),  0 ERROR(S)
