C51 COMPILER V9.60.0.0   ASGMNT1                                                           02/24/2020 11:27:39 PAGE 1   


C51 COMPILER V9.60.0.0, COMPILATION OF MODULE ASGMNT1
OBJECT MODULE PLACED IN .\Objects\asgmnt1.obj
COMPILER INVOKED BY: C:\Keil_v5\C51\BIN\C51.EXE asgmnt1.c OPTIMIZE(8,SPEED) BROWSE DEBUG OBJECTEXTEND PRINT(.\Listings\a
                    -sgmnt1.lst) TABS(2) OBJECT(.\Objects\asgmnt1.obj)

line level    source

   1          #include<reg51.h>
   2          #include"delay_header.h"
   3          #define LEDS P1
   4          void main()
   5          {
   6   1        unsigned char i;
   7   1        for(i=0;i<8;i++)
   8   1        {
   9   2          LEDS = (0x80>>i)^0x0f^(1<<i);
  10   2          delay_1ms(2000);
  11   2        }
  12   1      /*  for(i=4;i<8;i++)
  13   1        {
  14   1          LEDS = (0x80>>i)^0x0f^(1<<i);
  15   1          delay_1ms(2000);
  16   1        }
  17   1        */
  18   1      }


MODULE INFORMATION:   STATIC OVERLAYABLE
   CODE SIZE        =    100    ----
   CONSTANT SIZE    =   ----    ----
   XDATA SIZE       =   ----    ----
   PDATA SIZE       =   ----    ----
   DATA SIZE        =   ----    ----
   IDATA SIZE       =   ----    ----
   BIT SIZE         =   ----    ----
END OF MODULE INFORMATION.


C51 COMPILATION COMPLETE.  0 WARNING(S),  0 ERROR(S)
