C51 COMPILER V9.60.0.0   ASGMNT3                                                           02/27/2020 23:23:15 PAGE 1   


C51 COMPILER V9.60.0.0, COMPILATION OF MODULE ASGMNT3
OBJECT MODULE PLACED IN .\Objects\asgmnt3.obj
COMPILER INVOKED BY: C:\Keil_v5\C51\BIN\C51.EXE asgmnt3.c OPTIMIZE(8,SPEED) BROWSE DEBUG OBJECTEXTEND PRINT(.\Listings\a
                    -sgmnt3.lst) TABS(2) OBJECT(.\Objects\asgmnt3.obj)

line level    source

   1          #include<reg51.h>
   2          #include"delay_driver.h"
   3          sbit led1=P1^0;
   4          sbit led2=P1^1;
   5          sbit led3=P1^2;
   6          sbit led4=P1^3;
   7          sbit sw1=P1^4;
   8          sbit sw2=P1^5;
   9          sbit sw3=P1^6;
  10          sbit sw4=P1^7;
  11          void main()
  12          {
  13   1        while(1)
  14   1          if(sw1==0||sw2==0||sw3==0||sw4==0)
  15   1          {
  16   2            delay_1ms(2);
  17   2            led1=sw1;
  18   2            led2=sw2;
  19   2            led3=sw3;
  20   2            led4=sw4;
  21   2            while(sw1==0||sw2==0||sw3==0||sw4==0);
  22   2          }
  23   1      }


MODULE INFORMATION:   STATIC OVERLAYABLE
   CODE SIZE        =     98    ----
   CONSTANT SIZE    =   ----    ----
   XDATA SIZE       =   ----    ----
   PDATA SIZE       =   ----    ----
   DATA SIZE        =   ----    ----
   IDATA SIZE       =   ----    ----
   BIT SIZE         =   ----    ----
END OF MODULE INFORMATION.


C51 COMPILATION COMPLETE.  0 WARNING(S),  0 ERROR(S)
