C51 COMPILER V9.60.0.0   CLOCK                                                             03/04/2020 22:21:57 PAGE 1   


C51 COMPILER V9.60.0.0, COMPILATION OF MODULE CLOCK
OBJECT MODULE PLACED IN .\Objects\clock.obj
COMPILER INVOKED BY: C:\Keil_v5\C51\BIN\C51.EXE clock.c OPTIMIZE(8,SPEED) BROWSE DEBUG OBJECTEXTEND PRINT(.\Listings\clo
                    -ck.lst) TABS(2) OBJECT(.\Objects\clock.obj)

line level    source

   1          #include<reg51.h>
   2          #include"delay_driver.h"
   3          #include"lcd_driver.h"
   4          #define LCD P3
   5          sbit RS=P2^0;
   6          sbit RW=P2^1;
   7          sbit EN=P2^2;
   8          void main()
   9          {
  10   1        char h,m,s;
  11   1        h=m=s=0;
  12   1        lcd_init();
  13   1        while(1)
  14   1        {
  15   2          delay(1000);
  16   2          lcd_cmd(0x01);
  17   2          lcd_cmd(0x80);
  18   2          lcd_number(h);
  19   2          lcd_data(':');
  20   2          lcd_number(m);
  21   2          lcd_data(':');
  22   2          lcd_number(s);
  23   2          s++;
  24   2          if(s==60)
  25   2            m++,s=0;
  26   2          if(m==60)
  27   2            h++,m=0;
  28   2          if(h==12)
  29   2            h=0;
  30   2        }
  31   1      }


MODULE INFORMATION:   STATIC OVERLAYABLE
   CODE SIZE        =    619    ----
   CONSTANT SIZE    =   ----    ----
   XDATA SIZE       =   ----    ----
   PDATA SIZE       =   ----    ----
   DATA SIZE        =     48      28
   IDATA SIZE       =   ----    ----
   BIT SIZE         =   ----    ----
END OF MODULE INFORMATION.


C51 COMPILATION COMPLETE.  0 WARNING(S),  0 ERROR(S)
