C51 COMPILER V9.60.0.0   MAIN                                                              03/04/2020 23:32:06 PAGE 1   


C51 COMPILER V9.60.0.0, COMPILATION OF MODULE MAIN
OBJECT MODULE PLACED IN .\Objects\main.obj
COMPILER INVOKED BY: C:\Keil_v5\C51\BIN\C51.EXE main.c OPTIMIZE(8,SPEED) BROWSE DEBUG OBJECTEXTEND PRINT(.\Listings\main
                    -.lst) TABS(2) OBJECT(.\Objects\main.obj)

line level    source

   1          #include<reg51.h>
   2          #define lcd P3
   3          sbit rs = P2^0;
   4          sbit rw = P2^1;
   5          sbit en = P2^2;
   6          void delay_1ms(int n);
   7          void lcd_init(void);
   8          void lcd_cmd(unsigned char k);
   9          void lcd_data(unsigned char k);
  10            
  11          void main()
  12          {
  13   1        lcd_init();
  14   1        lcd_data('A');
  15   1        lcd_data('B');
  16   1        lcd_data('I');
  17   1        while(1);
  18   1      }
  19          
  20          void lcd_init(void)
  21          {
  22   1        lcd_cmd(0x01);
  23   1        lcd_cmd(0x02);
  24   1        lcd_cmd(0x0c);
  25   1        lcd_cmd(0x38);
  26   1        lcd_cmd(0x80);
  27   1      }
  28          
  29          void lcd_cmd(unsigned char k)
  30          {
  31   1        lcd = k;
  32   1        rs = 0;
  33   1        rw = 0;
  34   1        en = 1;
  35   1        delay_1ms(2);
  36   1        en = 0;
  37   1      }
  38          
  39          void lcd_data(unsigned char k)
  40          {
  41   1        lcd = k;
  42   1        rs = 1;
  43   1        rw = 0;
  44   1        en = 1;
  45   1        delay_1ms(2);
  46   1        rw = 1;
  47   1        while(P3^7==1);
  48   1        en = 0;
  49   1      }
  50          
  51          void delay_1ms(int n)
  52          {
  53   1        unsigned char i;
  54   1        for(;n>0;n--)
C51 COMPILER V9.60.0.0   MAIN                                                              03/04/2020 23:32:06 PAGE 2   

  55   1        {
  56   2          for(i=250;i>0;i--);
  57   2          for(i=247;i>0;i--);
  58   2        }
  59   1      }


MODULE INFORMATION:   STATIC OVERLAYABLE
   CODE SIZE        =    128    ----
   CONSTANT SIZE    =   ----    ----
   XDATA SIZE       =   ----    ----
   PDATA SIZE       =   ----    ----
   DATA SIZE        =   ----    ----
   IDATA SIZE       =   ----    ----
   BIT SIZE         =   ----    ----
END OF MODULE INFORMATION.


C51 COMPILATION COMPLETE.  0 WARNING(S),  0 ERROR(S)
