C51 COMPILER V9.60.0.0   UART_INT                                                          03/07/2020 00:19:18 PAGE 1   


C51 COMPILER V9.60.0.0, COMPILATION OF MODULE UART_INT
OBJECT MODULE PLACED IN .\Objects\uart_int.obj
COMPILER INVOKED BY: C:\Keil_v5\C51\BIN\C51.EXE uart_int.c OPTIMIZE(8,SPEED) BROWSE DEBUG OBJECTEXTEND PRINT(.\Listings\
                    -uart_int.lst) TABS(2) OBJECT(.\Objects\uart_int.obj)

line level    source

   1          #include<reg51.h>
   2          #include"delay_driver.h"
   3          #include"lcd_driver.h"
   4          void uart_init();
   5          void main()
   6          {
   7   1        char c='A';
   8   1        lcd_init();
   9   1        uart_init();
  10   1        lcd_cmd(0x01);
  11   1          lcd_cmd(0x80);
  12   1          lcd_data(c++);
  13   1        SBUF='A';
  14   1        while(1)
  15   1        {
  16   2          c++;
  17   2          lcd_cmd(0x01);
  18   2          lcd_cmd(0x80);
  19   2          lcd_data(c);
  20   2          delay_1ms(100);
  21   2        }
  22   1      }
  23          
  24          void uart_init()
  25          {
  26   1        SCON = 0x50;
  27   1        EA = ES = 1;
  28   1        TMOD = 0x20;
  29   1        TH1=TL1=253;
  30   1        TR1 = 1;
  31   1      }
  32          
  33          void serial(void) interrupt 4
  34          {
  35   1        lcd_cmd(0x02);
  36   1        lcd_string("Interrupt");
  37   1        delay_1ms(100);
  38   1        TI=0;
  39   1        RI=0;
  40   1      }


MODULE INFORMATION:   STATIC OVERLAYABLE
   CODE SIZE        =    275    ----
   CONSTANT SIZE    =     10    ----
   XDATA SIZE       =   ----    ----
   PDATA SIZE       =   ----    ----
   DATA SIZE        =   ----       4
   IDATA SIZE       =   ----    ----
   BIT SIZE         =   ----    ----
END OF MODULE INFORMATION.


C51 COMPILATION COMPLETE.  0 WARNING(S),  0 ERROR(S)
